Using pre-set license
Built from '2020.3/staging' branch; Version is '2020.3.8f1 (507919d4fff5) revision 5273881'; Using compiler version '192528614'; Build Type 'Release'
OS: 'Windows 10 Pro; OS build 19042.1237; Version 2009; 64bit' Language: 'en' Physical Memory: 49069 MB
BatchMode: 1, IsHumanControllingUs: 0, StartBugReporterOnCrash: 0, Is64bit: 1, IsPro: 0

 COMMAND LINE ARGUMENTS:
C:\Program Files\Unity\Hub\Editor\2020.3.8f1\Editor\Unity.exe
-adb2
-batchMode
-noUpm
-name
AssetImportWorker0
-projectPath
G:/Unity/SEPT21-AM-FINALPROJECT-VRorms
-logFile
Logs/AssetImportWorker0.log
-srvPort
58035
Successfully changed project path to: G:/Unity/SEPT21-AM-FINALPROJECT-VRorms
G:/Unity/SEPT21-AM-FINALPROJECT-VRorms
Using Asset Import Pipeline V2.
Refreshing native plugins compatible for Editor in 54.38 ms, found 3 plugins.
Preloading 1 native plugins for Editor in 0.93 ms.
Initialize engine version: 2020.3.8f1 (507919d4fff5)
[Subsystems] Discovering subsystems at path C:/Program Files/Unity/Hub/Editor/2020.3.8f1/Editor/Data/Resources/UnitySubsystems
[Subsystems] Discovering subsystems at path G:/Unity/SEPT21-AM-FINALPROJECT-VRorms/Assets
GfxDevice: creating device client; threaded=0
Direct3D:
    Version:  Direct3D 11.0 [level 11.1]
    Renderer: NVIDIA GeForce RTX 3060 Ti (ID=0x2486)
    Vendor:   
    VRAM:     8050 MB
    Driver:   27.21.14.6140
Initialize mono
Mono path[0] = 'C:/Program Files/Unity/Hub/Editor/2020.3.8f1/Editor/Data/Managed'
Mono path[1] = 'C:/Program Files/Unity/Hub/Editor/2020.3.8f1/Editor/Data/MonoBleedingEdge/lib/mono/unityjit'
Mono config path = 'C:/Program Files/Unity/Hub/Editor/2020.3.8f1/Editor/Data/MonoBleedingEdge/etc'
Using monoOptions --debugger-agent=transport=dt_socket,embedding=1,server=y,suspend=n,address=127.0.0.1:56464
Begin MonoManager ReloadAssembly
Registering precompiled unity dll's ...
Register platform support module: C:/Program Files/Unity/Hub/Editor/2020.3.8f1/Editor/Data/PlaybackEngines/WebGLSupport/UnityEditor.WebGL.Extensions.dll
Register platform support module: C:/Program Files/Unity/Hub/Editor/2020.3.8f1/Editor/Data/PlaybackEngines/WindowsStandaloneSupport/UnityEditor.WindowsStandalone.Extensions.dll
Registered in 0.002664 seconds.
Native extension for WindowsStandalone target not found
Native extension for WebGL target not found
Refreshing native plugins compatible for Editor in 47.97 ms, found 3 plugins.
Preloading 1 native plugins for Editor in 0.09 ms.
Mono: successfully reloaded assembly
- Completed reload, in  2.577 seconds
Platform modules already initialized, skipping
Registering precompiled user dll's ...
Registered in 0.002412 seconds.
Begin MonoManager ReloadAssembly
Native extension for WindowsStandalone target not found
Native extension for WebGL target not found
Refreshing native plugins compatible for Editor in 49.27 ms, found 3 plugins.
Preloading 1 native plugins for Editor in 0.07 ms.
[XR] OculusXRPlugin: registering subsystems
[XR] Unable to register display lifecyle provider: [1]
[XR] Oculus Input lifecycle provider registered.
[XR] Unable to register input lifecyle provider: [1]
NullReferenceException: Object reference not set to an instance of an object
  at Unity.XR.Oculus.OculusLoader.AssetPathToAbsolutePath (System.String assetPath) [0x00048] in G:\Unity\SEPT21-AM-FINALPROJECT-VRorms\Library\PackageCache\com.unity.xr.oculus@1.9.1\Runtime\OculusLoader.cs:249 
  at Unity.XR.Oculus.OculusLoader.EditorLoadOVRPlugin () [0x0007b] in G:\Unity\SEPT21-AM-FINALPROJECT-VRorms\Library\PackageCache\com.unity.xr.oculus@1.9.1\Runtime\OculusLoader.cs:234 

(Filename: Library/PackageCache/com.unity.xr.oculus@1.9.1/Runtime/OculusLoader.cs Line: 249)

Mono: successfully reloaded assembly
- Completed reload, in  1.868 seconds
Platform modules already initialized, skipping
========================================================================
Worker process is ready to serve import requests
Shader 'Digger/HDRP/Mesh/Lit': dependency 'BaseMapShader' shader 'Hidden/HDRP/TerrainLit_Basemap' not found
Shader 'Digger/HDRP/Mesh/Lit': dependency 'BaseMapGenShader' shader 'Hidden/HDRP/TerrainLit_BasemapGen' not found
Shader 'Hidden/Digger/URP/Terrain/Lit (Base Pass)': fallback shader 'Hidden/Universal Render Pipeline/FallbackError' not found
WARNING: Shader Unsupported: 'Hidden/Digger/URP/Terrain/Lit (Base Pass)' - All subshaders removed
WARNING: Shader Did you use #pragma only_renderers and omit this platform?
WARNING: Shader If subshaders removal was intentional, you may have forgotten turning Fallback off?
WARNING: Shader Unsupported: 'Hidden/Digger/URP/Terrain/Lit (Base Pass)' - All subshaders removed
WARNING: Shader Did you use #pragma only_renderers and omit this platform?
WARNING: Shader If subshaders removal was intentional, you may have forgotten turning Fallback off?
Shader 'Digger/HDRP/Terrain/Lit': dependency 'BaseMapShader' shader 'Hidden/HDRP/TerrainLit_Basemap' not found
Shader 'Digger/HDRP/Terrain/Lit': dependency 'BaseMapGenShader' shader 'Hidden/HDRP/TerrainLit_BasemapGen' not found
Shader 'Digger/URP/Mesh-Pass2': fallback shader 'Hidden/Universal Render Pipeline/FallbackError' not found
Shader 'Digger/URP/Terrain/Lit': fallback shader 'Hidden/Universal Render Pipeline/FallbackError' not found
Shader 'Digger/URP/Terrain/Lit (Add Pass)': fallback shader 'Hidden/Universal Render Pipeline/FallbackError' not found
Shader 'Digger/URP/Terrain/Lit': dependency 'BaseMapShader' shader 'Digger/URP/Terrain/Lit (Base Pass)' not found
Shader 'Digger/URP/Terrain/Lit': dependency 'BaseMapGenShader' shader 'Hidden/Universal Render Pipeline/Terrain/Lit (Basemap Gen)' not found
Shader 'Digger/URP/Mesh-Pass0': fallback shader 'Hidden/Universal Render Pipeline/FallbackError' not found
Shader 'Digger/URP/Mesh-Pass0': dependency 'TerrainShader' shader 'Universal Render Pipeline/Terrain/Lit' not found
Shader 'Digger/URP/Mesh-Pass0': dependency 'AddPassShader' shader 'Hidden/Universal Render Pipeline/Terrain/Lit (Add Pass)' not found
Shader 'Digger/URP/Mesh-Pass0': dependency 'BaseMapShader' shader 'Hidden/Universal Render Pipeline/Terrain/Lit (Base Pass)' not found
Shader 'Digger/URP/Mesh-Pass0': dependency 'BaseMapGenShader' shader 'Hidden/Universal Render Pipeline/Terrain/Lit (Basemap Gen)' not found
Shader 'Digger/URP/Mesh-Pass1': fallback shader 'Hidden/Universal Render Pipeline/FallbackError' not found
Shader 'Digger/URP/Mesh-Pass3': fallback shader 'Hidden/Universal Render Pipeline/FallbackError' not found
Shader 'Digger/HDRP/Terrain/Lit': dependency 'BaseMapShader' shader 'Hidden/HDRP/TerrainLit_Basemap' not found
Shader 'Digger/HDRP/Terrain/Lit': dependency 'BaseMapGenShader' shader 'Hidden/HDRP/TerrainLit_BasemapGen' not found
Shader 'Digger/URP/Mesh-Pass2': fallback shader 'Hidden/Universal Render Pipeline/FallbackError' not found
Shader 'Hidden/Digger/URP/Terrain/Lit (Base Pass)': fallback shader 'Hidden/Universal Render Pipeline/FallbackError' not found
WARNING: Shader Unsupported: 'Hidden/Digger/URP/Terrain/Lit (Base Pass)' - All subshaders removed
WARNING: Shader Did you use #pragma only_renderers and omit this platform?
WARNING: Shader If subshaders removal was intentional, you may have forgotten turning Fallback off?
WARNING: Shader Unsupported: 'Hidden/Digger/URP/Terrain/Lit (Base Pass)' - All subshaders removed
WARNING: Shader Did you use #pragma only_renderers and omit this platform?
WARNING: Shader If subshaders removal was intentional, you may have forgotten turning Fallback off?
Shader 'Digger/URP/Terrain/Lit (Add Pass)': fallback shader 'Hidden/Universal Render Pipeline/FallbackError' not found
Shader 'Digger/URP/Mesh-Pass1': fallback shader 'Hidden/Universal Render Pipeline/FallbackError' not found
Shader 'Digger/HDRP/Mesh/Lit': dependency 'BaseMapShader' shader 'Hidden/HDRP/TerrainLit_Basemap' not found
Shader 'Digger/HDRP/Mesh/Lit': dependency 'BaseMapGenShader' shader 'Hidden/HDRP/TerrainLit_BasemapGen' not found
Shader 'Digger/URP/Mesh-Pass0': fallback shader 'Hidden/Universal Render Pipeline/FallbackError' not found
Shader 'Digger/URP/Mesh-Pass0': dependency 'TerrainShader' shader 'Universal Render Pipeline/Terrain/Lit' not found
Shader 'Digger/URP/Mesh-Pass0': dependency 'AddPassShader' shader 'Hidden/Universal Render Pipeline/Terrain/Lit (Add Pass)' not found
Shader 'Digger/URP/Mesh-Pass0': dependency 'BaseMapShader' shader 'Hidden/Universal Render Pipeline/Terrain/Lit (Base Pass)' not found
Shader 'Digger/URP/Mesh-Pass0': dependency 'BaseMapGenShader' shader 'Hidden/Universal Render Pipeline/Terrain/Lit (Basemap Gen)' not found
Shader 'Digger/URP/Terrain/Lit': fallback shader 'Hidden/Universal Render Pipeline/FallbackError' not found
Shader 'Digger/URP/Terrain/Lit': dependency 'BaseMapShader' shader 'Digger/URP/Terrain/Lit (Base Pass)' not found
Shader 'Digger/URP/Terrain/Lit': dependency 'BaseMapGenShader' shader 'Hidden/Universal Render Pipeline/Terrain/Lit (Basemap Gen)' not found
Shader 'Digger/URP/Mesh-Pass3': fallback shader 'Hidden/Universal Render Pipeline/FallbackError' not found
Launched and connected shader compiler UnityShaderCompiler.exe after 0.06 seconds
Refreshing native plugins compatible for Editor in 1.01 ms, found 3 plugins.
Preloading 1 native plugins for Editor in 0.07 ms.
Unloading 2314 Unused Serialized files (Serialized files now loaded: 0)
System memory in use before: 219.5 MB.
System memory in use after: 219.0 MB.

Unloading 27 unused Assets to reduce memory usage. Loaded Objects now: 2779.
Total: 53.168800 ms (FindLiveObjects: 0.268700 ms CreateObjectMapping: 0.236200 ms MarkObjects: 46.573100 ms  DeleteObjects: 6.088800 ms)

========================================================================
Received Import Request.
  path: Assets/stylized 3d gun/prefabs/shoot.prefab
  artifactKey: Guid(f5d5f2baa9d387043ad5e5c5090af003) Importer(815301076,1909f56bfc062723c751e8b465ee728b)
Start importing Assets/stylized 3d gun/prefabs/shoot.prefab using Guid(f5d5f2baa9d387043ad5e5c5090af003) Importer(815301076,1909f56bfc062723c751e8b465ee728b)  -> (artifact id: 'a24879b1461695e0ba35ca34067607d8') in 0.194628 seconds
  Import took 0.237600 seconds .

========================================================================
Received Prepare
Registering precompiled user dll's ...
Registered in 0.003367 seconds.
Begin MonoManager ReloadAssembly
Native extension for WindowsStandalone target not found
Native extension for WebGL target not found
Refreshing native plugins compatible for Editor in 0.55 ms, found 3 plugins.
Preloading 1 native plugins for Editor in 0.07 ms.
NullReferenceException: Object reference not set to an instance of an object
  at Unity.XR.Oculus.OculusLoader.AssetPathToAbsolutePath (System.String assetPath) [0x00048] in G:\Unity\SEPT21-AM-FINALPROJECT-VRorms\Library\PackageCache\com.unity.xr.oculus@1.9.1\Runtime\OculusLoader.cs:249 
  at Unity.XR.Oculus.OculusLoader.EditorLoadOVRPlugin () [0x0007b] in G:\Unity\SEPT21-AM-FINALPROJECT-VRorms\Library\PackageCache\com.unity.xr.oculus@1.9.1\Runtime\OculusLoader.cs:234 

(Filename: Library/PackageCache/com.unity.xr.oculus@1.9.1/Runtime/OculusLoader.cs Line: 249)

Mono: successfully reloaded assembly
- Completed reload, in  1.261 seconds
Platform modules already initialized, skipping
Shader 'Digger/HDRP/Mesh/Lit': dependency 'BaseMapShader' shader 'Hidden/HDRP/TerrainLit_Basemap' not found
Shader 'Digger/HDRP/Mesh/Lit': dependency 'BaseMapGenShader' shader 'Hidden/HDRP/TerrainLit_BasemapGen' not found
Shader 'Hidden/Digger/URP/Terrain/Lit (Base Pass)': fallback shader 'Hidden/Universal Render Pipeline/FallbackError' not found
WARNING: Shader Unsupported: 'Hidden/Digger/URP/Terrain/Lit (Base Pass)' - All subshaders removed
WARNING: Shader Did you use #pragma only_renderers and omit this platform?
WARNING: Shader If subshaders removal was intentional, you may have forgotten turning Fallback off?
WARNING: Shader Unsupported: 'Hidden/Digger/URP/Terrain/Lit (Base Pass)' - All subshaders removed
WARNING: Shader Did you use #pragma only_renderers and omit this platform?
WARNING: Shader If subshaders removal was intentional, you may have forgotten turning Fallback off?
Shader 'Digger/HDRP/Terrain/Lit': dependency 'BaseMapShader' shader 'Hidden/HDRP/TerrainLit_Basemap' not found
Shader 'Digger/HDRP/Terrain/Lit': dependency 'BaseMapGenShader' shader 'Hidden/HDRP/TerrainLit_BasemapGen' not found
Shader 'Digger/URP/Mesh-Pass2': fallback shader 'Hidden/Universal Render Pipeline/FallbackError' not found
Shader 'Digger/URP/Terrain/Lit': fallback shader 'Hidden/Universal Render Pipeline/FallbackError' not found
Shader 'Digger/URP/Terrain/Lit (Add Pass)': fallback shader 'Hidden/Universal Render Pipeline/FallbackError' not found
Shader 'Digger/URP/Terrain/Lit': dependency 'BaseMapShader' shader 'Digger/URP/Terrain/Lit (Base Pass)' not found
Shader 'Digger/URP/Terrain/Lit': dependency 'BaseMapGenShader' shader 'Hidden/Universal Render Pipeline/Terrain/Lit (Basemap Gen)' not found
Shader 'Digger/URP/Mesh-Pass0': fallback shader 'Hidden/Universal Render Pipeline/FallbackError' not found
Shader 'Digger/URP/Mesh-Pass0': dependency 'TerrainShader' shader 'Universal Render Pipeline/Terrain/Lit' not found
Shader 'Digger/URP/Mesh-Pass0': dependency 'AddPassShader' shader 'Hidden/Universal Render Pipeline/Terrain/Lit (Add Pass)' not found
Shader 'Digger/URP/Mesh-Pass0': dependency 'BaseMapShader' shader 'Hidden/Universal Render Pipeline/Terrain/Lit (Base Pass)' not found
Shader 'Digger/URP/Mesh-Pass0': dependency 'BaseMapGenShader' shader 'Hidden/Universal Render Pipeline/Terrain/Lit (Basemap Gen)' not found
Shader 'Digger/URP/Mesh-Pass1': fallback shader 'Hidden/Universal Render Pipeline/FallbackError' not found
Shader 'Digger/URP/Mesh-Pass3': fallback shader 'Hidden/Universal Render Pipeline/FallbackError' not found
Shader 'Digger/URP/Mesh-Pass3': fallback shader 'Hidden/Universal Render Pipeline/FallbackError' not found
Shader 'Digger/URP/Terrain/Lit (Add Pass)': fallback shader 'Hidden/Universal Render Pipeline/FallbackError' not found
Shader 'Hidden/Digger/URP/Terrain/Lit (Base Pass)': fallback shader 'Hidden/Universal Render Pipeline/FallbackError' not found
WARNING: Shader Unsupported: 'Hidden/Digger/URP/Terrain/Lit (Base Pass)' - All subshaders removed
WARNING: Shader Did you use #pragma only_renderers and omit this platform?
WARNING: Shader If subshaders removal was intentional, you may have forgotten turning Fallback off?
WARNING: Shader Unsupported: 'Hidden/Digger/URP/Terrain/Lit (Base Pass)' - All subshaders removed
WARNING: Shader Did you use #pragma only_renderers and omit this platform?
WARNING: Shader If subshaders removal was intentional, you may have forgotten turning Fallback off?
Shader 'Digger/HDRP/Terrain/Lit': dependency 'BaseMapShader' shader 'Hidden/HDRP/TerrainLit_Basemap' not found
Shader 'Digger/HDRP/Terrain/Lit': dependency 'BaseMapGenShader' shader 'Hidden/HDRP/TerrainLit_BasemapGen' not found
Shader 'Digger/URP/Terrain/Lit': fallback shader 'Hidden/Universal Render Pipeline/FallbackError' not found
Shader 'Digger/URP/Terrain/Lit': dependency 'BaseMapShader' shader 'Digger/URP/Terrain/Lit (Base Pass)' not found
Shader 'Digger/URP/Terrain/Lit': dependency 'BaseMapGenShader' shader 'Hidden/Universal Render Pipeline/Terrain/Lit (Basemap Gen)' not found
Shader 'Digger/URP/Mesh-Pass0': fallback shader 'Hidden/Universal Render Pipeline/FallbackError' not found
Shader 'Digger/URP/Mesh-Pass0': dependency 'TerrainShader' shader 'Universal Render Pipeline/Terrain/Lit' not found
Shader 'Digger/URP/Mesh-Pass0': dependency 'AddPassShader' shader 'Hidden/Universal Render Pipeline/Terrain/Lit (Add Pass)' not found
Shader 'Digger/URP/Mesh-Pass0': dependency 'BaseMapShader' shader 'Hidden/Universal Render Pipeline/Terrain/Lit (Base Pass)' not found
Shader 'Digger/URP/Mesh-Pass0': dependency 'BaseMapGenShader' shader 'Hidden/Universal Render Pipeline/Terrain/Lit (Basemap Gen)' not found
Shader 'Digger/HDRP/Mesh/Lit': dependency 'BaseMapShader' shader 'Hidden/HDRP/TerrainLit_Basemap' not found
Shader 'Digger/HDRP/Mesh/Lit': dependency 'BaseMapGenShader' shader 'Hidden/HDRP/TerrainLit_BasemapGen' not found
Shader 'Digger/URP/Mesh-Pass2': fallback shader 'Hidden/Universal Render Pipeline/FallbackError' not found
Shader 'Digger/URP/Mesh-Pass1': fallback shader 'Hidden/Universal Render Pipeline/FallbackError' not found
Refreshing native plugins compatible for Editor in 0.85 ms, found 3 plugins.
Preloading 1 native plugins for Editor in 0.17 ms.
Unloading 2237 Unused Serialized files (Serialized files now loaded: 0)
System memory in use before: 224.2 MB.
System memory in use after: 223.7 MB.

Unloading 16 unused Assets to reduce memory usage. Loaded Objects now: 2791.
Total: 6.802900 ms (FindLiveObjects: 0.550800 ms CreateObjectMapping: 0.382100 ms MarkObjects: 4.206400 ms  DeleteObjects: 1.377200 ms)

========================================================================
Received Prepare
Registering precompiled user dll's ...
Registered in 0.007002 seconds.
Begin MonoManager ReloadAssembly
Native extension for WindowsStandalone target not found
Native extension for WebGL target not found
Refreshing native plugins compatible for Editor in 0.53 ms, found 3 plugins.
Preloading 1 native plugins for Editor in 0.07 ms.
NullReferenceException: Object reference not set to an instance of an object
  at Unity.XR.Oculus.OculusLoader.AssetPathToAbsolutePath (System.String assetPath) [0x00048] in G:\Unity\SEPT21-AM-FINALPROJECT-VRorms\Library\PackageCache\com.unity.xr.oculus@1.9.1\Runtime\OculusLoader.cs:249 
  at Unity.XR.Oculus.OculusLoader.EditorLoadOVRPlugin () [0x0007b] in G:\Unity\SEPT21-AM-FINALPROJECT-VRorms\Library\PackageCache\com.unity.xr.oculus@1.9.1\Runtime\OculusLoader.cs:234 

(Filename: Library/PackageCache/com.unity.xr.oculus@1.9.1/Runtime/OculusLoader.cs Line: 249)

Mono: successfully reloaded assembly
- Completed reload, in  1.360 seconds
Platform modules already initialized, skipping
Shader 'Digger/HDRP/Mesh/Lit': dependency 'BaseMapShader' shader 'Hidden/HDRP/TerrainLit_Basemap' not found
Shader 'Digger/HDRP/Mesh/Lit': dependency 'BaseMapGenShader' shader 'Hidden/HDRP/TerrainLit_BasemapGen' not found
Shader 'Hidden/Digger/URP/Terrain/Lit (Base Pass)': fallback shader 'Hidden/Universal Render Pipeline/FallbackError' not found
WARNING: Shader Unsupported: 'Hidden/Digger/URP/Terrain/Lit (Base Pass)' - All subshaders removed
WARNING: Shader Did you use #pragma only_renderers and omit this platform?
WARNING: Shader If subshaders removal was intentional, you may have forgotten turning Fallback off?
WARNING: Shader Unsupported: 'Hidden/Digger/URP/Terrain/Lit (Base Pass)' - All subshaders removed
WARNING: Shader Did you use #pragma only_renderers and omit this platform?
WARNING: Shader If subshaders removal was intentional, you may have forgotten turning Fallback off?
Shader 'Digger/HDRP/Terrain/Lit': dependency 'BaseMapShader' shader 'Hidden/HDRP/TerrainLit_Basemap' not found
Shader 'Digger/HDRP/Terrain/Lit': dependency 'BaseMapGenShader' shader 'Hidden/HDRP/TerrainLit_BasemapGen' not found
Shader 'Digger/URP/Mesh-Pass2': fallback shader 'Hidden/Universal Render Pipeline/FallbackError' not found
Shader 'Digger/URP/Terrain/Lit': fallback shader 'Hidden/Universal Render Pipeline/FallbackError' not found
Shader 'Digger/URP/Terrain/Lit (Add Pass)': fallback shader 'Hidden/Universal Render Pipeline/FallbackError' not found
Shader 'Digger/URP/Terrain/Lit': dependency 'BaseMapShader' shader 'Digger/URP/Terrain/Lit (Base Pass)' not found
Shader 'Digger/URP/Terrain/Lit': dependency 'BaseMapGenShader' shader 'Hidden/Universal Render Pipeline/Terrain/Lit (Basemap Gen)' not found
Shader 'Digger/URP/Mesh-Pass0': fallback shader 'Hidden/Universal Render Pipeline/FallbackError' not found
Shader 'Digger/URP/Mesh-Pass0': dependency 'TerrainShader' shader 'Universal Render Pipeline/Terrain/Lit' not found
Shader 'Digger/URP/Mesh-Pass0': dependency 'AddPassShader' shader 'Hidden/Universal Render Pipeline/Terrain/Lit (Add Pass)' not found
Shader 'Digger/URP/Mesh-Pass0': dependency 'BaseMapShader' shader 'Hidden/Universal Render Pipeline/Terrain/Lit (Base Pass)' not found
Shader 'Digger/URP/Mesh-Pass0': dependency 'BaseMapGenShader' shader 'Hidden/Universal Render Pipeline/Terrain/Lit (Basemap Gen)' not found
Shader 'Digger/URP/Mesh-Pass1': fallback shader 'Hidden/Universal Render Pipeline/FallbackError' not found
Shader 'Digger/URP/Mesh-Pass3': fallback shader 'Hidden/Universal Render Pipeline/FallbackError' not found
Shader 'Digger/URP/Mesh-Pass3': fallback shader 'Hidden/Universal Render Pipeline/FallbackError' not found
Shader 'Digger/URP/Mesh-Pass0': fallback shader 'Hidden/Universal Render Pipeline/FallbackError' not found
Shader 'Digger/URP/Mesh-Pass0': dependency 'TerrainShader' shader 'Universal Render Pipeline/Terrain/Lit' not found
Shader 'Digger/URP/Mesh-Pass0': dependency 'AddPassShader' shader 'Hidden/Universal Render Pipeline/Terrain/Lit (Add Pass)' not found
Shader 'Digger/URP/Mesh-Pass0': dependency 'BaseMapShader' shader 'Hidden/Universal Render Pipeline/Terrain/Lit (Base Pass)' not found
Shader 'Digger/URP/Mesh-Pass0': dependency 'BaseMapGenShader' shader 'Hidden/Universal Render Pipeline/Terrain/Lit (Basemap Gen)' not found
Shader 'Hidden/Digger/URP/Terrain/Lit (Base Pass)': fallback shader 'Hidden/Universal Render Pipeline/FallbackError' not found
WARNING: Shader Unsupported: 'Hidden/Digger/URP/Terrain/Lit (Base Pass)' - All subshaders removed
WARNING: Shader Did you use #pragma only_renderers and omit this platform?
WARNING: Shader If subshaders removal was intentional, you may have forgotten turning Fallback off?
WARNING: Shader Unsupported: 'Hidden/Digger/URP/Terrain/Lit (Base Pass)' - All subshaders removed
WARNING: Shader Did you use #pragma only_renderers and omit this platform?
WARNING: Shader If subshaders removal was intentional, you may have forgotten turning Fallback off?
Shader 'Digger/URP/Terrain/Lit': fallback shader 'Hidden/Universal Render Pipeline/FallbackError' not found
Shader 'Digger/URP/Terrain/Lit (Add Pass)': fallback shader 'Hidden/Universal Render Pipeline/FallbackError' not found
Shader 'Digger/URP/Terrain/Lit': dependency 'BaseMapShader' shader 'Digger/URP/Terrain/Lit (Base Pass)' not found
Shader 'Digger/URP/Terrain/Lit': dependency 'BaseMapGenShader' shader 'Hidden/Universal Render Pipeline/Terrain/Lit (Basemap Gen)' not found
Shader 'Digger/HDRP/Terrain/Lit': dependency 'BaseMapShader' shader 'Hidden/HDRP/TerrainLit_Basemap' not found
Shader 'Digger/HDRP/Terrain/Lit': dependency 'BaseMapGenShader' shader 'Hidden/HDRP/TerrainLit_BasemapGen' not found
Shader 'Digger/URP/Terrain/Lit (Add Pass)': fallback shader 'Hidden/Universal Render Pipeline/FallbackError' not found
Shader 'Digger/HDRP/Mesh/Lit': dependency 'BaseMapShader' shader 'Hidden/HDRP/TerrainLit_Basemap' not found
Shader 'Digger/HDRP/Mesh/Lit': dependency 'BaseMapGenShader' shader 'Hidden/HDRP/TerrainLit_BasemapGen' not found
Shader 'Digger/URP/Mesh-Pass1': fallback shader 'Hidden/Universal Render Pipeline/FallbackError' not found
Shader 'Digger/URP/Mesh-Pass2': fallback shader 'Hidden/Universal Render Pipeline/FallbackError' not found
Refreshing native plugins compatible for Editor in 0.61 ms, found 3 plugins.
Preloading 1 native plugins for Editor in 0.06 ms.
Unloading 2237 Unused Serialized files (Serialized files now loaded: 0)
System memory in use before: 224.3 MB.
System memory in use after: 223.8 MB.

Unloading 16 unused Assets to reduce memory usage. Loaded Objects now: 2795.
Total: 5.543800 ms (FindLiveObjects: 0.432600 ms CreateObjectMapping: 0.287900 ms MarkObjects: 4.076200 ms  DeleteObjects: 0.745300 ms)

========================================================================
Received Import Request.
  Time since last request: 472.598174 seconds.
  path: Assets/Low Poly FPS Pack - Free (Sample)/Components/Textures_&_Sprites/UI/assault_rifle_01_icon.png
  artifactKey: Guid(364206cb355dcf7479b2cdec20b8ec68) Importer(815301076,1909f56bfc062723c751e8b465ee728b)
Start importing Assets/Low Poly FPS Pack - Free (Sample)/Components/Textures_&_Sprites/UI/assault_rifle_01_icon.png using Guid(364206cb355dcf7479b2cdec20b8ec68) Importer(815301076,1909f56bfc062723c751e8b465ee728b)  -> (artifact id: '2c7e511292eea39f7e33ea7c5af59350') in 0.202427 seconds
  Import took 0.207822 seconds .

========================================================================
Received Import Request.
  Time since last request: 0.000221 seconds.
  path: Assets/EffectExamples/Misc Effects/Textures/DustMote.png
  artifactKey: Guid(394e93ce356b57344903a08ff72fcab2) Importer(815301076,1909f56bfc062723c751e8b465ee728b)
Start importing Assets/EffectExamples/Misc Effects/Textures/DustMote.png using Guid(394e93ce356b57344903a08ff72fcab2) Importer(815301076,1909f56bfc062723c751e8b465ee728b)  -> (artifact id: '6ac33b6dfd28ba703f35643a905c7ad7') in 0.035910 seconds
  Import took 0.041440 seconds .

========================================================================
Received Import Request.
  Time since last request: 0.000211 seconds.
  path: Assets/Shared/Sprites/Info.png
  artifactKey: Guid(2969d90b86698124696637a6df64a112) Importer(815301076,1909f56bfc062723c751e8b465ee728b)
Start importing Assets/Shared/Sprites/Info.png using Guid(2969d90b86698124696637a6df64a112) Importer(815301076,1909f56bfc062723c751e8b465ee728b)  -> (artifact id: 'e5bf9da5a73aa33d244b56048a923c7f') in 0.037668 seconds
  Import took 0.041719 seconds .

========================================================================
Received Import Request.
  Time since last request: 0.000624 seconds.
  path: Assets/VR/VR Hand Pack/ENSNSFT Characters/VR Hands/Textures/Ensenasoft inf.psd
  artifactKey: Guid(5c8fb1f7b6d380248b213aab045a8d93) Importer(815301076,1909f56bfc062723c751e8b465ee728b)
Start importing Assets/VR/VR Hand Pack/ENSNSFT Characters/VR Hands/Textures/Ensenasoft inf.psd using Guid(5c8fb1f7b6d380248b213aab045a8d93) Importer(815301076,1909f56bfc062723c751e8b465ee728b)  -> (artifact id: '102ea28e7e932833fb7ac25b98550a80') in 0.041894 seconds
  Import took 0.046066 seconds .

========================================================================
Received Import Request.
  Time since last request: 0.000210 seconds.
  path: Assets/Low Poly FPS Pack - Free (Sample)/Components/Demo_Scene_Components/Textures_&_Sprites/Weapon_Showcase_Textures/Weapon_Showcase_Shadow_Texture.png
  artifactKey: Guid(27d10abcb5ddfd84f9ffc5760350e429) Importer(815301076,1909f56bfc062723c751e8b465ee728b)
Start importing Assets/Low Poly FPS Pack - Free (Sample)/Components/Demo_Scene_Components/Textures_&_Sprites/Weapon_Showcase_Textures/Weapon_Showcase_Shadow_Texture.png using Guid(27d10abcb5ddfd84f9ffc5760350e429) Importer(815301076,1909f56bfc062723c751e8b465ee728b)  -> (artifact id: '5bb575ee4b3f8d77d690daf3b448685a') in 0.057540 seconds
  Import took 0.064742 seconds .

========================================================================
Received Import Request.
  Time since last request: 0.000208 seconds.
  path: Assets/VR/VR Hand Pack/ENSNSFT Characters/VR Hands/Textures/Ensenasoft VR Hands.psd
  artifactKey: Guid(1b3c7268e46eaaf4baf444ca8b1b594e) Importer(815301076,1909f56bfc062723c751e8b465ee728b)
Start importing Assets/VR/VR Hand Pack/ENSNSFT Characters/VR Hands/Textures/Ensenasoft VR Hands.psd using Guid(1b3c7268e46eaaf4baf444ca8b1b594e) Importer(815301076,1909f56bfc062723c751e8b465ee728b)  -> (artifact id: 'd94cd7ad55597a1e3d449528570ac32c') in 0.044686 seconds
  Import took 0.049333 seconds .

========================================================================
Received Import Request.
  Time since last request: 0.000275 seconds.
  path: Assets/Shared/Sprites/TitleBorder.png
  artifactKey: Guid(0a936ae5d70c6c14ab943882f62e0a7a) Importer(815301076,1909f56bfc062723c751e8b465ee728b)
Start importing Assets/Shared/Sprites/TitleBorder.png using Guid(0a936ae5d70c6c14ab943882f62e0a7a) Importer(815301076,1909f56bfc062723c751e8b465ee728b)  -> (artifact id: '01eb6ccd3c477ef8dffd5443c6e0a526') in 0.066270 seconds
  Import took 0.070841 seconds .

========================================================================
Received Import Request.
  Time since last request: 0.000229 seconds.
  path: Assets/Low Poly FPS Pack - Free (Sample)/Components/Textures_&_Sprites/UI/handgun_01_icon.png
  artifactKey: Guid(d6e4dc2ab496ac845a119b14c5abbb91) Importer(815301076,1909f56bfc062723c751e8b465ee728b)
Start importing Assets/Low Poly FPS Pack - Free (Sample)/Components/Textures_&_Sprites/UI/handgun_01_icon.png using Guid(d6e4dc2ab496ac845a119b14c5abbb91) Importer(815301076,1909f56bfc062723c751e8b465ee728b)  -> (artifact id: 'c846b93a9c39b0ecfeda02b78f7d20b3') in 0.060340 seconds
  Import took 0.065392 seconds .

========================================================================
Received Import Request.
  Time since last request: 0.000250 seconds.
  path: Assets/EffectExamples/Misc Effects/Textures/DustPuffSmall.png
  artifactKey: Guid(271edbc011d9e03489f73cef81b2d56a) Importer(815301076,1909f56bfc062723c751e8b465ee728b)
Start importing Assets/EffectExamples/Misc Effects/Textures/DustPuffSmall.png using Guid(271edbc011d9e03489f73cef81b2d56a) Importer(815301076,1909f56bfc062723c751e8b465ee728b)  -> (artifact id: 'e5e79689866601035693cf6b0bc6806d') in 0.046590 seconds
  Import took 0.052825 seconds .

========================================================================
Received Import Request.
  Time since last request: 0.001807 seconds.
  path: Assets/EffectExamples/Magic Effects/Textures/DustPuffSmall.png
  artifactKey: Guid(a547fca3b7d596c4d9bcb07a747ec5ee) Importer(815301076,1909f56bfc062723c751e8b465ee728b)
Start importing Assets/EffectExamples/Magic Effects/Textures/DustPuffSmall.png using Guid(a547fca3b7d596c4d9bcb07a747ec5ee) Importer(815301076,1909f56bfc062723c751e8b465ee728b)  -> (artifact id: 'be22c01c44282d88679014f5c34c6baf') in 0.052282 seconds
  Import took 0.059327 seconds .

========================================================================
Received Import Request.
  Time since last request: 0.000445 seconds.
  path: Assets/EffectExamples/Weapon Effects/Textures/DustPuffSmallParticleSheet.png
  artifactKey: Guid(32dde075fa5f86d458327a2ac0c4593b) Importer(815301076,1909f56bfc062723c751e8b465ee728b)
Start importing Assets/EffectExamples/Weapon Effects/Textures/DustPuffSmallParticleSheet.png using Guid(32dde075fa5f86d458327a2ac0c4593b) Importer(815301076,1909f56bfc062723c751e8b465ee728b)  -> (artifact id: 'd4940e84f18c2b4938f938146ce7e61a') in 0.057792 seconds
  Import took 0.061659 seconds .

========================================================================
Received Import Request.
  Time since last request: 0.000250 seconds.
  path: Assets/Shared/Sprites/UnityLogo.png
  artifactKey: Guid(e9980ad31e8dba04aa8110ba611c69d8) Importer(815301076,1909f56bfc062723c751e8b465ee728b)
Start importing Assets/Shared/Sprites/UnityLogo.png using Guid(e9980ad31e8dba04aa8110ba611c69d8) Importer(815301076,1909f56bfc062723c751e8b465ee728b)  -> (artifact id: '0ba3d067e32260374eb508cf4cf88c9d') in 0.059058 seconds
  Import took 0.062518 seconds .

========================================================================
Received Import Request.
  Time since last request: 0.000200 seconds.
  path: Assets/Low Poly FPS Pack - Free (Sample)/Components/Textures_&_Sprites/UI/Grenade_UI_Texture.png
  artifactKey: Guid(b3e76a068a948184aa9a5ffe4d7c5fed) Importer(815301076,1909f56bfc062723c751e8b465ee728b)
Start importing Assets/Low Poly FPS Pack - Free (Sample)/Components/Textures_&_Sprites/UI/Grenade_UI_Texture.png using Guid(b3e76a068a948184aa9a5ffe4d7c5fed) Importer(815301076,1909f56bfc062723c751e8b465ee728b)  -> (artifact id: '8b174bb5237a822a82d4a5a5a266fcb1') in 0.034941 seconds
  Import took 0.038489 seconds .

========================================================================
Received Import Request.
  Time since last request: 0.000177 seconds.
  path: Assets/EffectExamples/Fire & Explosion Effects/Textures/Debris.png
  artifactKey: Guid(af1f1b45fa6b5e64894c04ceb8a592f7) Importer(815301076,1909f56bfc062723c751e8b465ee728b)
Start importing Assets/EffectExamples/Fire & Explosion Effects/Textures/Debris.png using Guid(af1f1b45fa6b5e64894c04ceb8a592f7) Importer(815301076,1909f56bfc062723c751e8b465ee728b)  -> (artifact id: 'e50278c0d31273acf8aeba92dd9ea44c') in 0.062093 seconds
  Import took 0.065399 seconds .

========================================================================
Received Prepare
Registering precompiled user dll's ...
Registered in 0.004014 seconds.
Begin MonoManager ReloadAssembly
Native extension for WindowsStandalone target not found
Native extension for WebGL target not found
Refreshing native plugins compatible for Editor in 0.86 ms, found 3 plugins.
Preloading 1 native plugins for Editor in 0.59 ms.
NullReferenceException: Object reference not set to an instance of an object
  at Unity.XR.Oculus.OculusLoader.AssetPathToAbsolutePath (System.String assetPath) [0x00048] in G:\Unity\SEPT21-AM-FINALPROJECT-VRorms\Library\PackageCache\com.unity.xr.oculus@1.9.1\Runtime\OculusLoader.cs:249 
  at Unity.XR.Oculus.OculusLoader.EditorLoadOVRPlugin () [0x0007b] in G:\Unity\SEPT21-AM-FINALPROJECT-VRorms\Library\PackageCache\com.unity.xr.oculus@1.9.1\Runtime\OculusLoader.cs:234 

(Filename: Library/PackageCache/com.unity.xr.oculus@1.9.1/Runtime/OculusLoader.cs Line: 249)

Mono: successfully reloaded assembly
- Completed reload, in  1.655 seconds
Platform modules already initialized, skipping
Shader 'Digger/HDRP/Mesh/Lit': dependency 'BaseMapShader' shader 'Hidden/HDRP/TerrainLit_Basemap' not found
Shader 'Digger/HDRP/Mesh/Lit': dependency 'BaseMapGenShader' shader 'Hidden/HDRP/TerrainLit_BasemapGen' not found
Shader 'Hidden/Digger/URP/Terrain/Lit (Base Pass)': fallback shader 'Hidden/Universal Render Pipeline/FallbackError' not found
WARNING: Shader Unsupported: 'Hidden/Digger/URP/Terrain/Lit (Base Pass)' - All subshaders removed
WARNING: Shader Did you use #pragma only_renderers and omit this platform?
WARNING: Shader If subshaders removal was intentional, you may have forgotten turning Fallback off?
WARNING: Shader Unsupported: 'Hidden/Digger/URP/Terrain/Lit (Base Pass)' - All subshaders removed
WARNING: Shader Did you use #pragma only_renderers and omit this platform?
WARNING: Shader If subshaders removal was intentional, you may have forgotten turning Fallback off?
Shader 'Digger/HDRP/Terrain/Lit': dependency 'BaseMapShader' shader 'Hidden/HDRP/TerrainLit_Basemap' not found
Shader 'Digger/HDRP/Terrain/Lit': dependency 'BaseMapGenShader' shader 'Hidden/HDRP/TerrainLit_BasemapGen' not found
Shader 'Digger/URP/Mesh-Pass2': fallback shader 'Hidden/Universal Render Pipeline/FallbackError' not found
Shader 'Digger/URP/Terrain/Lit': fallback shader 'Hidden/Universal Render Pipeline/FallbackError' not found
Shader 'Digger/URP/Terrain/Lit (Add Pass)': fallback shader 'Hidden/Universal Render Pipeline/FallbackError' not found
Shader 'Digger/URP/Terrain/Lit': dependency 'BaseMapShader' shader 'Digger/URP/Terrain/Lit (Base Pass)' not found
Shader 'Digger/URP/Terrain/Lit': dependency 'BaseMapGenShader' shader 'Hidden/Universal Render Pipeline/Terrain/Lit (Basemap Gen)' not found
Shader 'Digger/URP/Mesh-Pass0': fallback shader 'Hidden/Universal Render Pipeline/FallbackError' not found
Shader 'Digger/URP/Mesh-Pass0': dependency 'TerrainShader' shader 'Universal Render Pipeline/Terrain/Lit' not found
Shader 'Digger/URP/Mesh-Pass0': dependency 'AddPassShader' shader 'Hidden/Universal Render Pipeline/Terrain/Lit (Add Pass)' not found
Shader 'Digger/URP/Mesh-Pass0': dependency 'BaseMapShader' shader 'Hidden/Universal Render Pipeline/Terrain/Lit (Base Pass)' not found
Shader 'Digger/URP/Mesh-Pass0': dependency 'BaseMapGenShader' shader 'Hidden/Universal Render Pipeline/Terrain/Lit (Basemap Gen)' not found
Shader 'Digger/URP/Mesh-Pass1': fallback shader 'Hidden/Universal Render Pipeline/FallbackError' not found
Shader 'Digger/URP/Mesh-Pass3': fallback shader 'Hidden/Universal Render Pipeline/FallbackError' not found
Shader 'Digger/URP/Mesh-Pass0': fallback shader 'Hidden/Universal Render Pipeline/FallbackError' not found
Shader 'Digger/URP/Mesh-Pass0': dependency 'TerrainShader' shader 'Universal Render Pipeline/Terrain/Lit' not found
Shader 'Digger/URP/Mesh-Pass0': dependency 'AddPassShader' shader 'Hidden/Universal Render Pipeline/Terrain/Lit (Add Pass)' not found
Shader 'Digger/URP/Mesh-Pass0': dependency 'BaseMapShader' shader 'Hidden/Universal Render Pipeline/Terrain/Lit (Base Pass)' not found
Shader 'Digger/URP/Mesh-Pass0': dependency 'BaseMapGenShader' shader 'Hidden/Universal Render Pipeline/Terrain/Lit (Basemap Gen)' not found
Shader 'Digger/URP/Mesh-Pass2': fallback shader 'Hidden/Universal Render Pipeline/FallbackError' not found
Shader 'Digger/URP/Mesh-Pass1': fallback shader 'Hidden/Universal Render Pipeline/FallbackError' not found
Shader 'Digger/URP/Terrain/Lit (Add Pass)': fallback shader 'Hidden/Universal Render Pipeline/FallbackError' not found
Shader 'Digger/URP/Mesh-Pass3': fallback shader 'Hidden/Universal Render Pipeline/FallbackError' not found
Shader 'Digger/HDRP/Mesh/Lit': dependency 'BaseMapShader' shader 'Hidden/HDRP/TerrainLit_Basemap' not found
Shader 'Digger/HDRP/Mesh/Lit': dependency 'BaseMapGenShader' shader 'Hidden/HDRP/TerrainLit_BasemapGen' not found
Shader 'Hidden/Digger/URP/Terrain/Lit (Base Pass)': fallback shader 'Hidden/Universal Render Pipeline/FallbackError' not found
WARNING: Shader Unsupported: 'Hidden/Digger/URP/Terrain/Lit (Base Pass)' - All subshaders removed
WARNING: Shader Did you use #pragma only_renderers and omit this platform?
WARNING: Shader If subshaders removal was intentional, you may have forgotten turning Fallback off?
WARNING: Shader Unsupported: 'Hidden/Digger/URP/Terrain/Lit (Base Pass)' - All subshaders removed
WARNING: Shader Did you use #pragma only_renderers and omit this platform?
WARNING: Shader If subshaders removal was intentional, you may have forgotten turning Fallback off?
Shader 'Digger/HDRP/Terrain/Lit': dependency 'BaseMapShader' shader 'Hidden/HDRP/TerrainLit_Basemap' not found
Shader 'Digger/HDRP/Terrain/Lit': dependency 'BaseMapGenShader' shader 'Hidden/HDRP/TerrainLit_BasemapGen' not found
Shader 'Digger/URP/Terrain/Lit': fallback shader 'Hidden/Universal Render Pipeline/FallbackError' not found
Shader 'Digger/URP/Terrain/Lit': dependency 'BaseMapShader' shader 'Digger/URP/Terrain/Lit (Base Pass)' not found
Shader 'Digger/URP/Terrain/Lit': dependency 'BaseMapGenShader' shader 'Hidden/Universal Render Pipeline/Terrain/Lit (Basemap Gen)' not found
Refreshing native plugins compatible for Editor in 0.62 ms, found 3 plugins.
Preloading 1 native plugins for Editor in 0.48 ms.
Unloading 2237 Unused Serialized files (Serialized files now loaded: 0)
System memory in use before: 224.3 MB.
System memory in use after: 223.8 MB.

Unloading 16 unused Assets to reduce memory usage. Loaded Objects now: 2808.
Total: 4.985100 ms (FindLiveObjects: 0.427100 ms CreateObjectMapping: 0.222600 ms MarkObjects: 3.728700 ms  DeleteObjects: 0.605100 ms)

AssetImportWorkerClient::OnTransportError - code=2 error=End of file
